<?xml version="1.0" encoding="UTF-8"?>
<!-- Generated by org.testng.reporters.JUnitReportReporter -->
<testsuite hostname="Kaushiks-MacBook-Pro.local" name="com.stepdefinition.select.ReadingJSON" tests="1" failures="0" timestamp="7 Jun 2019 04:26:26 GMT" time="0.021" errors="0">
  <testcase name="readJSON" time="0.021" classname="com.stepdefinition.select.ReadingJSON"/>
</testsuite> <!-- com.stepdefinition.select.ReadingJSON -->
