<?xml version="1.0" encoding="UTF-8"?>
<!-- Generated by org.testng.reporters.JUnitReportReporter -->
<testsuite hostname="Kaushiks-MacBook-Pro.local" name="com.application.utils.TestNG_Test_Class" tests="3" failures="0" timestamp="12 Jun 2019 04:18:21 GMT" time="0.016" errors="0">
  <testcase name="launchWebSite_TestNG" time="0.010" classname="com.application.utils.TestNG_Test_Class"/>
  <testcase name="clickContinue_TestNG" time="0.003" classname="com.application.utils.TestNG_Test_Class"/>
  <testcase name="enterCredentials_TestNG" time="0.003" classname="com.application.utils.TestNG_Test_Class"/>
</testsuite> <!-- com.application.utils.TestNG_Test_Class -->
