<?xml version="1.0" encoding="UTF-8"?>
<!-- Generated by org.testng.reporters.JUnitReportReporter -->
<testsuite hostname="Kaushiks-MacBook-Pro.local" name="com.stepdefinition.select.TabOffForAjaxCalls" tests="1" failures="0" timestamp="21 Jun 2019 04:43:34 GMT" time="5.935" errors="0">
  <testcase name="tabOff" time="5.935" classname="com.stepdefinition.select.TabOffForAjaxCalls"/>
</testsuite> <!-- com.stepdefinition.select.TabOffForAjaxCalls -->
